0 info it worked if it ends with ok
1 verbose cli [ 'C:\\Program Files\\nodejs\\node.exe',
1 verbose cli   'C:\\Program Files\\nodejs\\node_modules\\npm\\bin\\npm-cli.js',
1 verbose cli   'start' ]
2 info using npm@3.10.10
3 info using node@v6.10.0
4 verbose run-script [ 'prestart', 'start', 'poststart' ]
5 info lifecycle batonezas@1.0.0~prestart: batonezas@1.0.0
6 verbose lifecycle batonezas@1.0.0~prestart: unsafe-perm in lifecycle true
7 verbose lifecycle batonezas@1.0.0~prestart: PATH: C:\Program Files\nodejs\node_modules\npm\bin\node-gyp-bin;C:\Web\BatonezasWeb\node_modules\.bin;C:\Users\HumanBeingPC\AppData\Local\GitHub\PortableGit_f02737a78695063deace08e96d5042710d3e32db\cmd;C:\Users\HumanBeingPC\AppData\Local\GitHub\PortableGit_f02737a78695063deace08e96d5042710d3e32db\usr\bin;C:\Users\HumanBeingPC\AppData\Local\GitHub\PortableGit_f02737a78695063deace08e96d5042710d3e32db\usr\share\git-tfs;C:\Users\HumanBeingPC\AppData\Local\Apps\2.0\WVONKZA1.VWP\WGCE0Q8K.4HY\gith..tion_317444273a93ac29_0003.0003_5794af8169eeff14;C:\Users\HumanBeingPC\AppData\Local\GitHub\lfs-amd64_1.5.5;C:\Program Files (x86)\Razer Chroma SDK\bin;C:\Program Files\Razer Chroma SDK\bin;C:\ProgramData\Oracle\Java\javapath;C:\Windows\system32;C:\Windows;C:\Windows\System32\Wbem;C:\Windows\System32\WindowsPowerShell\v1.0\;C:\Windows\system32\config\systemprofile\.dnx\bin;C:\Program Files\Microsoft DNX\Dnvm\;C:\Program Files (x86)\Windows Kits\8.1\Windows Performance Toolkit\;C:\Program Files\Microsoft SQL Server\120\Tools\Binn\;C:\Program Files\nodejs\;C:\Program Files\Microsoft SQL Server\110\DTS\Binn\;C:\Program Files (x86)\Microsoft SQL Server\110\Tools\Binn\;C:\Program Files\Microsoft SQL Server\110\Tools\Binn\;C:\Program Files (x86)\Microsoft SQL Server\110\Tools\Binn\ManagementStudio\;C:\Program Files (x86)\Microsoft Visual Studio 10.0\Common7\IDE\PrivateAssemblies\;C:\Program Files (x86)\Microsoft SQL Server\110\DTS\Binn\;C:\Program Files (x86)\Skype\Phone\;C:\Program Files\Microsoft SQL Server\130\Tools\Binn\;C:\Windows\system32\config\systemprofile\AppData\Local\Microsoft\WindowsApps;C:\xampp\php;C:\ProgramData\ComposerSetup\bin;C:\Users\HumanBeingPC\AppData\Local\Microsoft\WindowsApps;C:\Users\HumanBeingPC\AppData\Roaming\npm;C:\Android\tools;C:\Android\platform-tools;C:\Program Files (x86)\Microsoft VS Code\bin;C:\Users\HumanBeingPC\AppData\Local\GitHub\PortableGit_f02737a78695063deace08e96d5042710d3e32db\cmd;C:\Users\HumanBeingPC\AppData\Roaming\Composer\vendor\bin;C:\Program Files (x86)\MSBuild\14.0\bin\;C:\Program Files (x86)\Microsoft SDKs\Windows\v8.1A\bin\NETFX 4.5.1 Tools\x64
8 verbose lifecycle batonezas@1.0.0~prestart: CWD: C:\Web\BatonezasWeb
9 silly lifecycle batonezas@1.0.0~prestart: Args: [ '/d /s /c', 'npm run build' ]
10 silly lifecycle batonezas@1.0.0~prestart: Returned: code: 0  signal: null
11 info lifecycle batonezas@1.0.0~start: batonezas@1.0.0
12 verbose lifecycle batonezas@1.0.0~start: unsafe-perm in lifecycle true
13 verbose lifecycle batonezas@1.0.0~start: PATH: C:\Program Files\nodejs\node_modules\npm\bin\node-gyp-bin;C:\Web\BatonezasWeb\node_modules\.bin;C:\Users\HumanBeingPC\AppData\Local\GitHub\PortableGit_f02737a78695063deace08e96d5042710d3e32db\cmd;C:\Users\HumanBeingPC\AppData\Local\GitHub\PortableGit_f02737a78695063deace08e96d5042710d3e32db\usr\bin;C:\Users\HumanBeingPC\AppData\Local\GitHub\PortableGit_f02737a78695063deace08e96d5042710d3e32db\usr\share\git-tfs;C:\Users\HumanBeingPC\AppData\Local\Apps\2.0\WVONKZA1.VWP\WGCE0Q8K.4HY\gith..tion_317444273a93ac29_0003.0003_5794af8169eeff14;C:\Users\HumanBeingPC\AppData\Local\GitHub\lfs-amd64_1.5.5;C:\Program Files (x86)\Razer Chroma SDK\bin;C:\Program Files\Razer Chroma SDK\bin;C:\ProgramData\Oracle\Java\javapath;C:\Windows\system32;C:\Windows;C:\Windows\System32\Wbem;C:\Windows\System32\WindowsPowerShell\v1.0\;C:\Windows\system32\config\systemprofile\.dnx\bin;C:\Program Files\Microsoft DNX\Dnvm\;C:\Program Files (x86)\Windows Kits\8.1\Windows Performance Toolkit\;C:\Program Files\Microsoft SQL Server\120\Tools\Binn\;C:\Program Files\nodejs\;C:\Program Files\Microsoft SQL Server\110\DTS\Binn\;C:\Program Files (x86)\Microsoft SQL Server\110\Tools\Binn\;C:\Program Files\Microsoft SQL Server\110\Tools\Binn\;C:\Program Files (x86)\Microsoft SQL Server\110\Tools\Binn\ManagementStudio\;C:\Program Files (x86)\Microsoft Visual Studio 10.0\Common7\IDE\PrivateAssemblies\;C:\Program Files (x86)\Microsoft SQL Server\110\DTS\Binn\;C:\Program Files (x86)\Skype\Phone\;C:\Program Files\Microsoft SQL Server\130\Tools\Binn\;C:\Windows\system32\config\systemprofile\AppData\Local\Microsoft\WindowsApps;C:\xampp\php;C:\ProgramData\ComposerSetup\bin;C:\Users\HumanBeingPC\AppData\Local\Microsoft\WindowsApps;C:\Users\HumanBeingPC\AppData\Roaming\npm;C:\Android\tools;C:\Android\platform-tools;C:\Program Files (x86)\Microsoft VS Code\bin;C:\Users\HumanBeingPC\AppData\Local\GitHub\PortableGit_f02737a78695063deace08e96d5042710d3e32db\cmd;C:\Users\HumanBeingPC\AppData\Roaming\Composer\vendor\bin;C:\Program Files (x86)\MSBuild\14.0\bin\;C:\Program Files (x86)\Microsoft SDKs\Windows\v8.1A\bin\NETFX 4.5.1 Tools\x64
14 verbose lifecycle batonezas@1.0.0~start: CWD: C:\Web\BatonezasWeb
15 silly lifecycle batonezas@1.0.0~start: Args: [ '/d /s /c',
15 silly lifecycle   'concurrently "npm run build:watch" "npm run serve"' ]
16 silly lifecycle batonezas@1.0.0~start: Returned: code: 1  signal: null
17 info lifecycle batonezas@1.0.0~start: Failed to exec start script
18 verbose stack Error: batonezas@1.0.0 start: `concurrently "npm run build:watch" "npm run serve"`
18 verbose stack Exit status 1
18 verbose stack     at EventEmitter.<anonymous> (C:\Program Files\nodejs\node_modules\npm\lib\utils\lifecycle.js:255:16)
18 verbose stack     at emitTwo (events.js:106:13)
18 verbose stack     at EventEmitter.emit (events.js:191:7)
18 verbose stack     at ChildProcess.<anonymous> (C:\Program Files\nodejs\node_modules\npm\lib\utils\spawn.js:40:14)
18 verbose stack     at emitTwo (events.js:106:13)
18 verbose stack     at ChildProcess.emit (events.js:191:7)
18 verbose stack     at maybeClose (internal/child_process.js:877:16)
18 verbose stack     at Process.ChildProcess._handle.onexit (internal/child_process.js:226:5)
19 verbose pkgid batonezas@1.0.0
20 verbose cwd C:\Web\BatonezasWeb
21 error Windows_NT 10.0.14393
22 error argv "C:\\Program Files\\nodejs\\node.exe" "C:\\Program Files\\nodejs\\node_modules\\npm\\bin\\npm-cli.js" "start"
23 error node v6.10.0
24 error npm  v3.10.10
25 error code ELIFECYCLE
26 error batonezas@1.0.0 start: `concurrently "npm run build:watch" "npm run serve"`
26 error Exit status 1
27 error Failed at the batonezas@1.0.0 start script 'concurrently "npm run build:watch" "npm run serve"'.
27 error Make sure you have the latest version of node.js and npm installed.
27 error If you do, this is most likely a problem with the batonezas package,
27 error not with npm itself.
27 error Tell the author that this fails on your system:
27 error     concurrently "npm run build:watch" "npm run serve"
27 error You can get information on how to open an issue for this project with:
27 error     npm bugs batonezas
27 error Or if that isn't available, you can get their info via:
27 error     npm owner ls batonezas
27 error There is likely additional logging output above.
28 verbose exit [ 1, true ]
